<?xml version="1.0" encoding="UTF-8"?>
<testsuite xmlns:xsi="http://www.w3.org/2001/XMLSchema-instance" xsi:noNamespaceSchemaLocation="https://maven.apache.org/surefire/maven-surefire-plugin/xsd/surefire-test-report.xsd" name="com.promineotech.socialMediaApi.AppTest" time="0.004" tests="1" errors="0" skipped="0" failures="0">
  <properties>
    <property name="java.specification.version" value="15"/>
    <property name="sun.cpu.isalist" value="amd64"/>
    <property name="sun.jnu.encoding" value="Cp1252"/>
    <property name="java.class.path" value="C:\Users\james\Documents\Promineo Assignments\Projects\Spring Boot\SpringBoot-Week-1-Coding-Assignment\socialMediaApi\target\test-classes;C:\Users\james\Documents\Promineo Assignments\Projects\Spring Boot\SpringBoot-Week-1-Coding-Assignment\socialMediaApi\target\classes;C:\Users\james\.m2\repository\org\springframework\boot\spring-boot-starter-web\1.2.6.RELEASE\spring-boot-starter-web-1.2.6.RELEASE.jar;C:\Users\james\.m2\repository\org\springframework\boot\spring-boot-starter\1.2.6.RELEASE\spring-boot-starter-1.2.6.RELEASE.jar;C:\Users\james\.m2\repository\org\springframework\boot\spring-boot\1.2.6.RELEASE\spring-boot-1.2.6.RELEASE.jar;C:\Users\james\.m2\repository\org\springframework\boot\spring-boot-autoconfigure\1.2.6.RELEASE\spring-boot-autoconfigure-1.2.6.RELEASE.jar;C:\Users\james\.m2\repository\org\yaml\snakeyaml\1.14\snakeyaml-1.14.jar;C:\Users\james\.m2\repository\org\springframework\boot\spring-boot-starter-tomcat\1.2.6.RELEASE\spring-boot-starter-tomcat-1.2.6.RELEASE.jar;C:\Users\james\.m2\repository\org\apache\tomcat\embed\tomcat-embed-core\8.0.26\tomcat-embed-core-8.0.26.jar;C:\Users\james\.m2\repository\org\apache\tomcat\embed\tomcat-embed-el\8.0.26\tomcat-embed-el-8.0.26.jar;C:\Users\james\.m2\repository\org\apache\tomcat\embed\tomcat-embed-logging-juli\8.0.26\tomcat-embed-logging-juli-8.0.26.jar;C:\Users\james\.m2\repository\org\apache\tomcat\embed\tomcat-embed-websocket\8.0.26\tomcat-embed-websocket-8.0.26.jar;C:\Users\james\.m2\repository\com\fasterxml\jackson\core\jackson-databind\2.4.6\jackson-databind-2.4.6.jar;C:\Users\james\.m2\repository\com\fasterxml\jackson\core\jackson-annotations\2.4.6\jackson-annotations-2.4.6.jar;C:\Users\james\.m2\repository\com\fasterxml\jackson\core\jackson-core\2.4.6\jackson-core-2.4.6.jar;C:\Users\james\.m2\repository\org\hibernate\hibernate-validator\5.1.3.Final\hibernate-validator-5.1.3.Final.jar;C:\Users\james\.m2\repository\javax\validation\validation-api\1.1.0.Final\validation-api-1.1.0.Final.jar;C:\Users\james\.m2\repository\org\jboss\logging\jboss-logging\3.1.3.GA\jboss-logging-3.1.3.GA.jar;C:\Users\james\.m2\repository\com\fasterxml\classmate\1.0.0\classmate-1.0.0.jar;C:\Users\james\.m2\repository\org\springframework\spring-core\4.1.7.RELEASE\spring-core-4.1.7.RELEASE.jar;C:\Users\james\.m2\repository\org\springframework\spring-web\4.1.7.RELEASE\spring-web-4.1.7.RELEASE.jar;C:\Users\james\.m2\repository\org\springframework\spring-aop\4.1.7.RELEASE\spring-aop-4.1.7.RELEASE.jar;C:\Users\james\.m2\repository\aopalliance\aopalliance\1.0\aopalliance-1.0.jar;C:\Users\james\.m2\repository\org\springframework\spring-beans\4.1.7.RELEASE\spring-beans-4.1.7.RELEASE.jar;C:\Users\james\.m2\repository\org\springframework\spring-context\4.1.7.RELEASE\spring-context-4.1.7.RELEASE.jar;C:\Users\james\.m2\repository\org\springframework\spring-webmvc\4.1.7.RELEASE\spring-webmvc-4.1.7.RELEASE.jar;C:\Users\james\.m2\repository\org\springframework\spring-expression\4.1.7.RELEASE\spring-expression-4.1.7.RELEASE.jar;C:\Users\james\.m2\repository\org\springframework\boot\spring-boot-starter-log4j2\1.2.6.RELEASE\spring-boot-starter-log4j2-1.2.6.RELEASE.jar;C:\Users\james\.m2\repository\org\slf4j\jcl-over-slf4j\1.7.12\jcl-over-slf4j-1.7.12.jar;C:\Users\james\.m2\repository\org\slf4j\jul-to-slf4j\1.7.12\jul-to-slf4j-1.7.12.jar;C:\Users\james\.m2\repository\org\apache\logging\log4j\log4j-slf4j-impl\2.1\log4j-slf4j-impl-2.1.jar;C:\Users\james\.m2\repository\org\apache\logging\log4j\log4j-api\2.1\log4j-api-2.1.jar;C:\Users\james\.m2\repository\org\apache\logging\log4j\log4j-core\2.1\log4j-core-2.1.jar;C:\Users\james\.m2\repository\org\springframework\boot\spring-boot-starter-test\1.2.6.RELEASE\spring-boot-starter-test-1.2.6.RELEASE.jar;C:\Users\james\.m2\repository\org\mockito\mockito-core\1.10.19\mockito-core-1.10.19.jar;C:\Users\james\.m2\repository\org\objenesis\objenesis\2.1\objenesis-2.1.jar;C:\Users\james\.m2\repository\org\hamcrest\hamcrest-core\1.3\hamcrest-core-1.3.jar;C:\Users\james\.m2\repository\org\hamcrest\hamcrest-library\1.3\hamcrest-library-1.3.jar;C:\Users\james\.m2\repository\org\springframework\spring-test\4.1.7.RELEASE\spring-test-4.1.7.RELEASE.jar;C:\Users\james\.m2\repository\mysql\mysql-connector-java\8.0.23\mysql-connector-java-8.0.23.jar;C:\Users\james\.m2\repository\com\google\protobuf\protobuf-java\3.11.4\protobuf-java-3.11.4.jar;C:\Users\james\.m2\repository\com\jayway\jsonpath\json-path\0.9.1\json-path-0.9.1.jar;C:\Users\james\.m2\repository\net\minidev\json-smart\1.2\json-smart-1.2.jar;C:\Users\james\.m2\repository\org\slf4j\slf4j-api\1.7.12\slf4j-api-1.7.12.jar;C:\Users\james\.m2\repository\org\springframework\boot\spring-boot-starter-data-jpa\1.2.6.RELEASE\spring-boot-starter-data-jpa-1.2.6.RELEASE.jar;C:\Users\james\.m2\repository\org\springframework\boot\spring-boot-starter-aop\1.2.6.RELEASE\spring-boot-starter-aop-1.2.6.RELEASE.jar;C:\Users\james\.m2\repository\org\aspectj\aspectjrt\1.8.6\aspectjrt-1.8.6.jar;C:\Users\james\.m2\repository\org\aspectj\aspectjweaver\1.8.6\aspectjweaver-1.8.6.jar;C:\Users\james\.m2\repository\org\springframework\boot\spring-boot-starter-jdbc\1.2.6.RELEASE\spring-boot-starter-jdbc-1.2.6.RELEASE.jar;C:\Users\james\.m2\repository\org\springframework\spring-jdbc\4.1.7.RELEASE\spring-jdbc-4.1.7.RELEASE.jar;C:\Users\james\.m2\repository\org\apache\tomcat\tomcat-jdbc\8.0.26\tomcat-jdbc-8.0.26.jar;C:\Users\james\.m2\repository\org\apache\tomcat\tomcat-juli\8.0.26\tomcat-juli-8.0.26.jar;C:\Users\james\.m2\repository\org\springframework\spring-tx\4.1.7.RELEASE\spring-tx-4.1.7.RELEASE.jar;C:\Users\james\.m2\repository\org\hibernate\hibernate-entitymanager\4.3.11.Final\hibernate-entitymanager-4.3.11.Final.jar;C:\Users\james\.m2\repository\org\jboss\logging\jboss-logging-annotations\1.2.0.Beta1\jboss-logging-annotations-1.2.0.Beta1.jar;C:\Users\james\.m2\repository\org\hibernate\hibernate-core\4.3.11.Final\hibernate-core-4.3.11.Final.jar;C:\Users\james\.m2\repository\antlr\antlr\2.7.7\antlr-2.7.7.jar;C:\Users\james\.m2\repository\org\jboss\jandex\1.1.0.Final\jandex-1.1.0.Final.jar;C:\Users\james\.m2\repository\dom4j\dom4j\1.6.1\dom4j-1.6.1.jar;C:\Users\james\.m2\repository\xml-apis\xml-apis\1.0.b2\xml-apis-1.0.b2.jar;C:\Users\james\.m2\repository\org\hibernate\common\hibernate-commons-annotations\4.0.5.Final\hibernate-commons-annotations-4.0.5.Final.jar;C:\Users\james\.m2\repository\org\hibernate\javax\persistence\hibernate-jpa-2.1-api\1.0.0.Final\hibernate-jpa-2.1-api-1.0.0.Final.jar;C:\Users\james\.m2\repository\org\javassist\javassist\3.18.1-GA\javassist-3.18.1-GA.jar;C:\Users\james\.m2\repository\javax\transaction\javax.transaction-api\1.2\javax.transaction-api-1.2.jar;C:\Users\james\.m2\repository\org\springframework\spring-orm\4.1.7.RELEASE\spring-orm-4.1.7.RELEASE.jar;C:\Users\james\.m2\repository\org\springframework\data\spring-data-jpa\1.7.3.RELEASE\spring-data-jpa-1.7.3.RELEASE.jar;C:\Users\james\.m2\repository\org\springframework\data\spring-data-commons\1.9.3.RELEASE\spring-data-commons-1.9.3.RELEASE.jar;C:\Users\james\.m2\repository\org\springframework\spring-aspects\4.1.7.RELEASE\spring-aspects-4.1.7.RELEASE.jar;C:\Users\james\.m2\repository\org\springframework\security\spring-security-crypto\5.1.2.RELEASE\spring-security-crypto-5.1.2.RELEASE.jar;C:\Users\james\.m2\repository\junit\junit\3.8.1\junit-3.8.1.jar;"/>
    <property name="java.vm.vendor" value="Oracle Corporation"/>
    <property name="sun.arch.data.model" value="64"/>
    <property name="user.variant" value=""/>
    <property name="java.vendor.url" value="https://java.oracle.com/"/>
    <property name="user.timezone" value="America/Chicago"/>
    <property name="os.name" value="Windows 10"/>
    <property name="java.vm.specification.version" value="15"/>
    <property name="sun.java.launcher" value="SUN_STANDARD"/>
    <property name="user.country" value="US"/>
    <property name="sun.boot.library.path" value="C:\Program Files\sts-4.9.0.RELEASE\plugins\org.eclipse.justj.openjdk.hotspot.jre.full.win32.x86_64_15.0.1.v20201027-0507\jre\bin"/>
    <property name="sun.java.command" value="C:\Users\james\AppData\Local\Temp\surefire9153069737043902559\surefirebooter15150229795039147800.jar C:\Users\james\AppData\Local\Temp\surefire9153069737043902559 2021-03-13T19-21-00_559-jvmRun1 surefire9920586275790421849tmp surefire_0132427149266483329tmp"/>
    <property name="jdk.debug" value="release"/>
    <property name="surefire.test.class.path" value="C:\Users\james\Documents\Promineo Assignments\Projects\Spring Boot\SpringBoot-Week-1-Coding-Assignment\socialMediaApi\target\test-classes;C:\Users\james\Documents\Promineo Assignments\Projects\Spring Boot\SpringBoot-Week-1-Coding-Assignment\socialMediaApi\target\classes;C:\Users\james\.m2\repository\org\springframework\boot\spring-boot-starter-web\1.2.6.RELEASE\spring-boot-starter-web-1.2.6.RELEASE.jar;C:\Users\james\.m2\repository\org\springframework\boot\spring-boot-starter\1.2.6.RELEASE\spring-boot-starter-1.2.6.RELEASE.jar;C:\Users\james\.m2\repository\org\springframework\boot\spring-boot\1.2.6.RELEASE\spring-boot-1.2.6.RELEASE.jar;C:\Users\james\.m2\repository\org\springframework\boot\spring-boot-autoconfigure\1.2.6.RELEASE\spring-boot-autoconfigure-1.2.6.RELEASE.jar;C:\Users\james\.m2\repository\org\yaml\snakeyaml\1.14\snakeyaml-1.14.jar;C:\Users\james\.m2\repository\org\springframework\boot\spring-boot-starter-tomcat\1.2.6.RELEASE\spring-boot-starter-tomcat-1.2.6.RELEASE.jar;C:\Users\james\.m2\repository\org\apache\tomcat\embed\tomcat-embed-core\8.0.26\tomcat-embed-core-8.0.26.jar;C:\Users\james\.m2\repository\org\apache\tomcat\embed\tomcat-embed-el\8.0.26\tomcat-embed-el-8.0.26.jar;C:\Users\james\.m2\repository\org\apache\tomcat\embed\tomcat-embed-logging-juli\8.0.26\tomcat-embed-logging-juli-8.0.26.jar;C:\Users\james\.m2\repository\org\apache\tomcat\embed\tomcat-embed-websocket\8.0.26\tomcat-embed-websocket-8.0.26.jar;C:\Users\james\.m2\repository\com\fasterxml\jackson\core\jackson-databind\2.4.6\jackson-databind-2.4.6.jar;C:\Users\james\.m2\repository\com\fasterxml\jackson\core\jackson-annotations\2.4.6\jackson-annotations-2.4.6.jar;C:\Users\james\.m2\repository\com\fasterxml\jackson\core\jackson-core\2.4.6\jackson-core-2.4.6.jar;C:\Users\james\.m2\repository\org\hibernate\hibernate-validator\5.1.3.Final\hibernate-validator-5.1.3.Final.jar;C:\Users\james\.m2\repository\javax\validation\validation-api\1.1.0.Final\validation-api-1.1.0.Final.jar;C:\Users\james\.m2\repository\org\jboss\logging\jboss-logging\3.1.3.GA\jboss-logging-3.1.3.GA.jar;C:\Users\james\.m2\repository\com\fasterxml\classmate\1.0.0\classmate-1.0.0.jar;C:\Users\james\.m2\repository\org\springframework\spring-core\4.1.7.RELEASE\spring-core-4.1.7.RELEASE.jar;C:\Users\james\.m2\repository\org\springframework\spring-web\4.1.7.RELEASE\spring-web-4.1.7.RELEASE.jar;C:\Users\james\.m2\repository\org\springframework\spring-aop\4.1.7.RELEASE\spring-aop-4.1.7.RELEASE.jar;C:\Users\james\.m2\repository\aopalliance\aopalliance\1.0\aopalliance-1.0.jar;C:\Users\james\.m2\repository\org\springframework\spring-beans\4.1.7.RELEASE\spring-beans-4.1.7.RELEASE.jar;C:\Users\james\.m2\repository\org\springframework\spring-context\4.1.7.RELEASE\spring-context-4.1.7.RELEASE.jar;C:\Users\james\.m2\repository\org\springframework\spring-webmvc\4.1.7.RELEASE\spring-webmvc-4.1.7.RELEASE.jar;C:\Users\james\.m2\repository\org\springframework\spring-expression\4.1.7.RELEASE\spring-expression-4.1.7.RELEASE.jar;C:\Users\james\.m2\repository\org\springframework\boot\spring-boot-starter-log4j2\1.2.6.RELEASE\spring-boot-starter-log4j2-1.2.6.RELEASE.jar;C:\Users\james\.m2\repository\org\slf4j\jcl-over-slf4j\1.7.12\jcl-over-slf4j-1.7.12.jar;C:\Users\james\.m2\repository\org\slf4j\jul-to-slf4j\1.7.12\jul-to-slf4j-1.7.12.jar;C:\Users\james\.m2\repository\org\apache\logging\log4j\log4j-slf4j-impl\2.1\log4j-slf4j-impl-2.1.jar;C:\Users\james\.m2\repository\org\apache\logging\log4j\log4j-api\2.1\log4j-api-2.1.jar;C:\Users\james\.m2\repository\org\apache\logging\log4j\log4j-core\2.1\log4j-core-2.1.jar;C:\Users\james\.m2\repository\org\springframework\boot\spring-boot-starter-test\1.2.6.RELEASE\spring-boot-starter-test-1.2.6.RELEASE.jar;C:\Users\james\.m2\repository\org\mockito\mockito-core\1.10.19\mockito-core-1.10.19.jar;C:\Users\james\.m2\repository\org\objenesis\objenesis\2.1\objenesis-2.1.jar;C:\Users\james\.m2\repository\org\hamcrest\hamcrest-core\1.3\hamcrest-core-1.3.jar;C:\Users\james\.m2\repository\org\hamcrest\hamcrest-library\1.3\hamcrest-library-1.3.jar;C:\Users\james\.m2\repository\org\springframework\spring-test\4.1.7.RELEASE\spring-test-4.1.7.RELEASE.jar;C:\Users\james\.m2\repository\mysql\mysql-connector-java\8.0.23\mysql-connector-java-8.0.23.jar;C:\Users\james\.m2\repository\com\google\protobuf\protobuf-java\3.11.4\protobuf-java-3.11.4.jar;C:\Users\james\.m2\repository\com\jayway\jsonpath\json-path\0.9.1\json-path-0.9.1.jar;C:\Users\james\.m2\repository\net\minidev\json-smart\1.2\json-smart-1.2.jar;C:\Users\james\.m2\repository\org\slf4j\slf4j-api\1.7.12\slf4j-api-1.7.12.jar;C:\Users\james\.m2\repository\org\springframework\boot\spring-boot-starter-data-jpa\1.2.6.RELEASE\spring-boot-starter-data-jpa-1.2.6.RELEASE.jar;C:\Users\james\.m2\repository\org\springframework\boot\spring-boot-starter-aop\1.2.6.RELEASE\spring-boot-starter-aop-1.2.6.RELEASE.jar;C:\Users\james\.m2\repository\org\aspectj\aspectjrt\1.8.6\aspectjrt-1.8.6.jar;C:\Users\james\.m2\repository\org\aspectj\aspectjweaver\1.8.6\aspectjweaver-1.8.6.jar;C:\Users\james\.m2\repository\org\springframework\boot\spring-boot-starter-jdbc\1.2.6.RELEASE\spring-boot-starter-jdbc-1.2.6.RELEASE.jar;C:\Users\james\.m2\repository\org\springframework\spring-jdbc\4.1.7.RELEASE\spring-jdbc-4.1.7.RELEASE.jar;C:\Users\james\.m2\repository\org\apache\tomcat\tomcat-jdbc\8.0.26\tomcat-jdbc-8.0.26.jar;C:\Users\james\.m2\repository\org\apache\tomcat\tomcat-juli\8.0.26\tomcat-juli-8.0.26.jar;C:\Users\james\.m2\repository\org\springframework\spring-tx\4.1.7.RELEASE\spring-tx-4.1.7.RELEASE.jar;C:\Users\james\.m2\repository\org\hibernate\hibernate-entitymanager\4.3.11.Final\hibernate-entitymanager-4.3.11.Final.jar;C:\Users\james\.m2\repository\org\jboss\logging\jboss-logging-annotations\1.2.0.Beta1\jboss-logging-annotations-1.2.0.Beta1.jar;C:\Users\james\.m2\repository\org\hibernate\hibernate-core\4.3.11.Final\hibernate-core-4.3.11.Final.jar;C:\Users\james\.m2\repository\antlr\antlr\2.7.7\antlr-2.7.7.jar;C:\Users\james\.m2\repository\org\jboss\jandex\1.1.0.Final\jandex-1.1.0.Final.jar;C:\Users\james\.m2\repository\dom4j\dom4j\1.6.1\dom4j-1.6.1.jar;C:\Users\james\.m2\repository\xml-apis\xml-apis\1.0.b2\xml-apis-1.0.b2.jar;C:\Users\james\.m2\repository\org\hibernate\common\hibernate-commons-annotations\4.0.5.Final\hibernate-commons-annotations-4.0.5.Final.jar;C:\Users\james\.m2\repository\org\hibernate\javax\persistence\hibernate-jpa-2.1-api\1.0.0.Final\hibernate-jpa-2.1-api-1.0.0.Final.jar;C:\Users\james\.m2\repository\org\javassist\javassist\3.18.1-GA\javassist-3.18.1-GA.jar;C:\Users\james\.m2\repository\javax\transaction\javax.transaction-api\1.2\javax.transaction-api-1.2.jar;C:\Users\james\.m2\repository\org\springframework\spring-orm\4.1.7.RELEASE\spring-orm-4.1.7.RELEASE.jar;C:\Users\james\.m2\repository\org\springframework\data\spring-data-jpa\1.7.3.RELEASE\spring-data-jpa-1.7.3.RELEASE.jar;C:\Users\james\.m2\repository\org\springframework\data\spring-data-commons\1.9.3.RELEASE\spring-data-commons-1.9.3.RELEASE.jar;C:\Users\james\.m2\repository\org\springframework\spring-aspects\4.1.7.RELEASE\spring-aspects-4.1.7.RELEASE.jar;C:\Users\james\.m2\repository\org\springframework\security\spring-security-crypto\5.1.2.RELEASE\spring-security-crypto-5.1.2.RELEASE.jar;C:\Users\james\.m2\repository\junit\junit\3.8.1\junit-3.8.1.jar;"/>
    <property name="sun.cpu.endian" value="little"/>
    <property name="user.home" value="C:\Users\james"/>
    <property name="user.language" value="en"/>
    <property name="java.specification.vendor" value="Oracle Corporation"/>
    <property name="java.version.date" value="2020-10-20"/>
    <property name="java.home" value="C:\Program Files\sts-4.9.0.RELEASE\plugins\org.eclipse.justj.openjdk.hotspot.jre.full.win32.x86_64_15.0.1.v20201027-0507\jre"/>
    <property name="file.separator" value="\"/>
    <property name="style.color" value="always"/>
    <property name="basedir" value="C:\Users\james\Documents\Promineo Assignments\Projects\Spring Boot\SpringBoot-Week-1-Coding-Assignment\socialMediaApi"/>
    <property name="java.vm.compressedOopsMode" value="Zero based"/>
    <property name="line.separator" value="&#10;"/>
    <property name="java.vm.specification.vendor" value="Oracle Corporation"/>
    <property name="java.specification.name" value="Java Platform API Specification"/>
    <property name="surefire.real.class.path" value="C:\Users\james\AppData\Local\Temp\surefire9153069737043902559\surefirebooter15150229795039147800.jar"/>
    <property name="user.script" value=""/>
    <property name="sun.management.compiler" value="HotSpot 64-Bit Tiered Compilers"/>
    <property name="java.runtime.version" value="15.0.1+9-18"/>
    <property name="user.name" value="james"/>
    <property name="path.separator" value=";"/>
    <property name="os.version" value="10.0"/>
    <property name="java.runtime.name" value="OpenJDK Runtime Environment"/>
    <property name="file.encoding" value="Cp1252"/>
    <property name="java.vm.name" value="OpenJDK 64-Bit Server VM"/>
    <property name="localRepository" value="C:\Users\james\.m2\repository"/>
    <property name="java.vendor.url.bug" value="https://bugreport.java.com/bugreport/"/>
    <property name="java.io.tmpdir" value="C:\Users\james\AppData\Local\Temp\"/>
    <property name="java.version" value="15.0.1"/>
    <property name="user.dir" value="C:\Users\james\Documents\Promineo Assignments\Projects\Spring Boot\SpringBoot-Week-1-Coding-Assignment\socialMediaApi"/>
    <property name="os.arch" value="amd64"/>
    <property name="java.vm.specification.name" value="Java Virtual Machine Specification"/>
    <property name="sun.os.patch.level" value=""/>
    <property name="java.library.path" value="C:\Program Files\sts-4.9.0.RELEASE\plugins\org.eclipse.justj.openjdk.hotspot.jre.full.win32.x86_64_15.0.1.v20201027-0507\jre\bin;C:\WINDOWS\Sun\Java\bin;C:\WINDOWS\system32;C:\WINDOWS;C:/Program Files/sts-4.9.0.RELEASE//plugins/org.eclipse.justj.openjdk.hotspot.jre.full.win32.x86_64_15.0.1.v20201027-0507/jre/bin/server;C:/Program Files/sts-4.9.0.RELEASE//plugins/org.eclipse.justj.openjdk.hotspot.jre.full.win32.x86_64_15.0.1.v20201027-0507/jre/bin;C:\Program Files (x86)\Common Files\Oracle\Java\javapath;C:\Windows\system32;C:\Windows;C:\Windows\System32\Wbem;C:\Windows\System32\WindowsPowerShell\v1.0\;C:\Windows\System32\OpenSSH\;C:\Program Files (x86)\NVIDIA Corporation\PhysX\Common;C:\Program Files\NVIDIA Corporation\NVIDIA NvDLISR;C:\Users\james\AppData\Local\Programs\Python\Python37-32;C:\Users\james\AppData\Local\Programs\Python\Python37-32\Scripts;C:\WINDOWS\system32;C:\WINDOWS;C:\WINDOWS\System32\Wbem;C:\WINDOWS\System32\WindowsPowerShell\v1.0\;C:\WINDOWS\System32\OpenSSH\;C:\Program Files\dotnet\;C:\Program Files\Microsoft SQL Server\130\Tools\Binn\;C:\Program Files\Microsoft SQL Server\Client SDK\ODBC\170\Tools\Binn\;C:\Users\james\Documents\Spring Boot Framework\bin;C:\Users\james\Documents\Maven\bin;C:\Program Files\nodejs\;C:\Program Files\MySQL\MySQL Shell 8.0\bin\;C:\Users\james\AppData\Local\Microsoft\WindowsApps;C:\Program Files\heroku\bin;C:\Program Files\Git\bin;C:\Users\james\AppData\Local\Programs\Microsoft VS Code\bin;C:\Program Files\MySQL\MySQL Server 8.0\bin;C:\Users\james\AppData\Roaming\npm;C:\Users\james\AppData\Local\gitkraken\bin;C:\Program Files\sts-4.9.0.RELEASE;;."/>
    <property name="java.vm.info" value="mixed mode"/>
    <property name="java.vendor" value="Oracle Corporation"/>
    <property name="java.vm.version" value="15.0.1+9-18"/>
    <property name="sun.io.unicode.encoding" value="UnicodeLittle"/>
    <property name="java.class.version" value="59.0"/>
  </properties>
  <testcase name="testApp" classname="com.promineotech.socialMediaApi.AppTest" time="0"/>
</testsuite>